12:35:29.029 INFO - Launching a standalone Selenium Server
Setting system property webdriver.chrome.driver to ./node_modules/chromedriver/bin/chromedriver
12:35:29.060 INFO - Java: Oracle Corporation 25.60-b23
12:35:29.060 INFO - OS: Mac OS X 10.10.5 x86_64
12:35:29.068 INFO - v2.53.0, with Core v2.53.0. Built from revision 35ae25b
12:35:29.124 INFO - Driver provider org.openqa.selenium.ie.InternetExplorerDriver registration is skipped:
registration capabilities Capabilities [{ensureCleanSession=true, browserName=internet explorer, version=, platform=WINDOWS}] does not match the current platform MAC
12:35:29.125 INFO - Driver provider org.openqa.selenium.edge.EdgeDriver registration is skipped:
registration capabilities Capabilities [{browserName=MicrosoftEdge, version=, platform=WINDOWS}] does not match the current platform MAC
12:35:29.125 INFO - Driver class not found: com.opera.core.systems.OperaDriver
12:35:29.125 INFO - Driver provider com.opera.core.systems.OperaDriver is not registered
12:35:29.127 INFO - Driver class not found: org.openqa.selenium.htmlunit.HtmlUnitDriver
12:35:29.127 INFO - Driver provider org.openqa.selenium.htmlunit.HtmlUnitDriver is not registered
12:35:29.180 INFO - RemoteWebDriver instances should connect to: http://127.0.0.1:4444/wd/hub
12:35:29.180 INFO - Selenium Server is up and running
12:35:29.585 INFO - Executing: [new session: Capabilities [{acceptSslCerts=true, browserName=firefox, javascriptEnabled=true, platform=ANY}]])
12:35:29.594 INFO - Creating a new session for Capabilities [{acceptSslCerts=true, browserName=firefox, javascriptEnabled=true, platform=ANY}]
12:35:31.887 INFO - Done: [new session: Capabilities [{acceptSslCerts=true, browserName=firefox, javascriptEnabled=true, platform=ANY}]]
12:35:31.900 INFO - Executing: [get: http://todomvc.com/])
12:35:34.135 INFO - Done: [get: http://todomvc.com/]
12:35:34.145 INFO - Executing: [find elements: By.cssSelector: body])
12:35:34.202 INFO - Done: [find elements: By.cssSelector: body]
12:35:34.207 INFO - Executing: [is displayed: 0 [[FirefoxDriver: firefox on MAC (ed8e55d7-8953-4140-b267-cd8eb6af1a09)] -> css selector: body]])
12:35:34.218 INFO - Done: [is displayed: 0 [[FirefoxDriver: firefox on MAC (ed8e55d7-8953-4140-b267-cd8eb6af1a09)] -> css selector: body]]
12:35:34.223 INFO - Executing: [get title])
12:35:34.232 INFO - Done: [get title]
12:35:34.237 INFO - Executing: [find element: By.cssSelector: a[href="examples/backbone"]])
12:35:34.246 INFO - Done: [find element: By.cssSelector: a[href="examples/backbone"]]
12:35:34.249 INFO - Executing: [is displayed: 1 [[FirefoxDriver: firefox on MAC (ed8e55d7-8953-4140-b267-cd8eb6af1a09)] -> css selector: a[href="examples/backbone"]]])
12:35:34.260 INFO - Done: [is displayed: 1 [[FirefoxDriver: firefox on MAC (ed8e55d7-8953-4140-b267-cd8eb6af1a09)] -> css selector: a[href="examples/backbone"]]]
12:35:34.777 INFO - Executing: [get: http://google.com])
12:35:36.572 INFO - Done: [get: http://google.com]
12:35:36.576 INFO - Executing: [find elements: By.cssSelector: body])
12:35:36.697 INFO - Done: [find elements: By.cssSelector: body]
12:35:36.702 INFO - Executing: [find element: By.cssSelector: input[type=text]])
12:35:36.709 INFO - Done: [find element: By.cssSelector: input[type=text]]
12:35:36.716 INFO - Executing: [send keys: 3 [[FirefoxDriver: firefox on MAC (ed8e55d7-8953-4140-b267-cd8eb6af1a09)] -> css selector: input[type=text]], [n, i, g, h, t, w, a, t, c, h, ]])
12:35:36.848 INFO - Done: [send keys: 3 [[FirefoxDriver: firefox on MAC (ed8e55d7-8953-4140-b267-cd8eb6af1a09)] -> css selector: input[type=text]], [n, i, g, h, t, w, a, t, c, h, ]]
12:35:37.859 INFO - Executing: [find element: By.cssSelector: #main])
12:35:37.868 INFO - Done: [find element: By.cssSelector: #main]
12:35:37.871 INFO - Executing: [get text: 4 [[FirefoxDriver: firefox on MAC (ed8e55d7-8953-4140-b267-cd8eb6af1a09)] -> css selector: #main]])
12:35:39.335 INFO - Done: [get text: 4 [[FirefoxDriver: firefox on MAC (ed8e55d7-8953-4140-b267-cd8eb6af1a09)] -> css selector: #main]]
12:35:43.345 INFO - Executing: [delete session: fbf375ad-2b7c-46e4-951c-7f2916e82541])
12:35:43.431 INFO - Done: [delete session: fbf375ad-2b7c-46e4-951c-7f2916e82541]
